<?xml version="1.0" encoding="UTF-8"?>
<!-- Generated by org.testng.reporters.JUnitXMLReporter -->
<testsuite ignored="0" hostname="LAPTOP-3UEBVNHU" failures="0" tests="7" name="mytests" time="22.527" errors="0" timestamp="2024-09-14T00:26:24 IST">
  <testcase classname="day12.OrangeHRMTest" name="openapp" time="10.536"/>
  <testcase classname="day12.OrangeHRMTest" name="testlogo" time="5.071"/>
  <testcase classname="day12.OrangeHRMTest" name="login" time="1.574"/>
  <testcase classname="day12.OrangeHRMTest" name="closeapp" time="5.261"/>
  <testcase classname="day12.FirstTestCase" name="openapp" time="0.0"/>
  <testcase classname="day12.FirstTestCase" name="login" time="0.009"/>
  <testcase classname="day12.FirstTestCase" name="logout" time="0.0"/>
</testsuite> <!-- mytests -->
