<?xml version="1.0" encoding="UTF-8"?>
<!-- Generated by org.testng.reporters.JUnitXMLReporter -->
<testsuite ignored="2" hostname="LAPTOP-3UEBVNHU" failures="0" tests="6" name="groupingtest" time="0.195" errors="0" timestamp="2024-09-17T01:46:12 IST">
  <testcase classname="day14.LoginTest" name="loginByEmail" time="0.019"/>
  <testcase classname="day14.LoginTest" name="loginByFacebook" time="0.003"/>
  <testcase classname="day14.LoginTest" name="loginByTwitter" time="0.004"/>
  <testcase classname="day14.SignupTest" name="signupByEmail" time="0.003"/>
  <testcase classname="day14.SignupTest" name="signupByFacebook" time="0.002"/>
  <testcase classname="day14.SignupTest" name="signupByTwitter" time="0.002"/>
  <testcase classname="day14.paymentTest" name="paymentInDoller" time="0.0">
    <ignored/>
  </testcase> <!-- paymentInDoller -->
  <testcase classname="day14.paymentTest" name="paymentInRupees" time="0.0">
    <ignored/>
  </testcase> <!-- paymentInRupees -->
</testsuite> <!-- groupingtest -->
