<?xml version="1.0" encoding="UTF-8"?>
<testng-results ignored="0" total="1" passed="1" failed="0" skipped="0">
  <reporter-output>
  </reporter-output>
  <suite started-at="2024-09-23T01:47:22 IST" name="Suite" finished-at="2024-09-23T01:47:31 IST" duration-ms="9158">
    <groups>
    </groups>
    <test started-at="2024-09-23T01:47:22 IST" name="Test" finished-at="2024-09-23T01:47:31 IST" duration-ms="9158">
      <class name="day18.loginTest2">
        <test-method is-config="true" signature="setUp()[pri:0, instance:day18.loginTest2@74fe5c40]" started-at="2024-09-23T01:47:22 IST" name="setUp" finished-at="2024-09-23T01:47:29 IST" duration-ms="7178" status="PASS">
          <reporter-output>
          </reporter-output>
        </test-method> <!-- setUp -->
        <test-method signature="testLogin()[pri:0, instance:day18.loginTest2@74fe5c40]" started-at="2024-09-23T01:47:29 IST" name="testLogin" finished-at="2024-09-23T01:47:30 IST" duration-ms="1538" status="PASS">
          <reporter-output>
          </reporter-output>
        </test-method> <!-- testLogin -->
        <test-method is-config="true" signature="tearDown()[pri:0, instance:day18.loginTest2@74fe5c40]" started-at="2024-09-23T01:47:30 IST" name="tearDown" finished-at="2024-09-23T01:47:31 IST" duration-ms="322" status="PASS">
          <reporter-output>
          </reporter-output>
        </test-method> <!-- tearDown -->
      </class> <!-- day18.loginTest2 -->
    </test> <!-- Test -->
  </suite> <!-- Suite -->
</testng-results>
